<?xml version="1.0" encoding="UTF-8"?>
<testsuite xmlns:xsi="http://www.w3.org/2001/XMLSchema-instance" xsi:noNamespaceSchemaLocation="https://maven.apache.org/surefire/maven-surefire-plugin/xsd/surefire-test-report-3.0.xsd" version="3.0" name="pl.edu.agh.kis.pz1.HandEvaluatorTest" time="0.022" tests="10" errors="0" skipped="0" failures="0">
  <properties>
[...]
</properties>
  <testcase name="three_of_kind" classname="pl.edu.agh.kis.pz1.HandEvaluatorTest" time="0.002"/>
  <testcase name="colour" classname="pl.edu.agh.kis.pz1.HandEvaluatorTest" time="0"/>
  <testcase name="high_card" classname="pl.edu.agh.kis.pz1.HandEvaluatorTest" time="0"/>
  <testcase name="full" classname="pl.edu.agh.kis.pz1.HandEvaluatorTest" time="0"/>
  <testcase name="pair" classname="pl.edu.agh.kis.pz1.HandEvaluatorTest" time="0"/>
  <testcase name="correctListOfValues" classname="pl.edu.agh.kis.pz1.HandEvaluatorTest" time="0.004"/>
  <testcase name="flush" classname="pl.edu.agh.kis.pz1.HandEvaluatorTest" time="0"/>
  <testcase name="quads" classname="pl.edu.agh.kis.pz1.HandEvaluatorTest" time="0.006"/>
  <testcase name="two_pairs" classname="pl.edu.agh.kis.pz1.HandEvaluatorTest" time="0"/>
  <testcase name="straight" classname="pl.edu.agh.kis.pz1.HandEvaluatorTest" time="0"/>
</testsuite>